
> @cathedral/brain@0.1.0 build /Users/rebeccalemke/cathedral-real/packages/brain
> tsc

src/colorScience.ts(67,11): error TS6133: 'fallbackColorPalette' is declared but its value is never read.
src/styleFusion.ts(3,25): error TS6133: 'imageData' is declared but its value is never read.
src/styleFusion.ts(18,19): error TS6133: 'type' is declared but its value is never read.
src/styleFusion.ts(18,33): error TS6133: 'iterations' is declared but its value is never read.
 ELIFECYCLE  Command failed with exit code 2.
 WARN   Local package.json exists, but node_modules missing, did you mean to install?
