{"$message_type":"diagnostic","message":"unexpected `cfg` condition value: `custom-godot`","code":{"code":"unexpected_cfgs","explanation":null},"level":"warning","spans":[{"file_name":"/Users/rebeccalemke/.cargo/registry/src/index.crates.io-1949cf8c6b5b557f/gdnative-core-0.11.3/src/init/macros.rs","byte_start":1525,"byte_end":1549,"line_start":39,"line_end":39,"column_start":23,"column_end":47,"is_primary":true,"text":[{"text":"            #[cfg(not(feature = \"custom-godot\"))]","highlight_start":23,"highlight_end":47}],"label":null,"suggested_replacement":null,"suggestion_applicability":null,"expansion":{"span":{"file_name":"/Users/rebeccalemke/.cargo/registry/src/index.crates.io-1949cf8c6b5b557f/gdnative-core-0.11.3/src/init/macros.rs","byte_start":833,"byte_end":903,"line_start":23,"line_end":23,"column_start":9,"column_end":79,"is_primary":false,"text":[{"text":"        $crate::godot_nativescript_init!($callback as godot_nativescript_init);","highlight_start":9,"highlight_end":79}],"label":null,"suggested_replacement":null,"suggestion_applicability":null,"expansion":{"span":{"file_name":"/Users/rebeccalemke/.cargo/registry/src/index.crates.io-1949cf8c6b5b557f/gdnative-core-0.11.3/src/init/macros.rs","byte_start":7142,"byte_end":7191,"line_start":179,"line_end":179,"column_start":9,"column_end":58,"is_primary":false,"text":[{"text":"        $crate::init::godot_nativescript_init!($callback);","highlight_start":9,"highlight_end":58}],"label":null,"suggested_replacement":null,"suggestion_applicability":null,"expansion":{"span":{"file_name":"src/lib.rs","byte_start":3178,"byte_end":3195,"line_start":97,"line_end":97,"column_start":1,"column_end":18,"is_primary":false,"text":[{"text":"godot_init!(init);","highlight_start":1,"highlight_end":18}],"label":null,"suggested_replacement":null,"suggestion_applicability":null,"expansion":null},"macro_decl_name":"godot_init!","def_site_span":{"file_name":"/Users/rebeccalemke/.cargo/registry/src/index.crates.io-1949cf8c6b5b557f/gdnative-core-0.11.3/src/init/macros.rs","byte_start":7035,"byte_end":7058,"line_start":176,"line_end":176,"column_start":1,"column_end":24,"is_primary":false,"text":[{"text":"macro_rules! godot_init {","highlight_start":1,"highlight_end":24}],"label":null,"suggested_replacement":null,"suggestion_applicability":null,"expansion":null}}},"macro_decl_name":"$crate::init::godot_nativescript_init!","def_site_span":{"file_name":"/Users/rebeccalemke/.cargo/registry/src/index.crates.io-1949cf8c6b5b557f/gdnative-core-0.11.3/src/init/macros.rs","byte_start":590,"byte_end":626,"line_start":17,"line_end":17,"column_start":1,"column_end":37,"is_primary":false,"text":[{"text":"macro_rules! godot_nativescript_init {","highlight_start":1,"highlight_end":37}],"label":null,"suggested_replacement":null,"suggestion_applicability":null,"expansion":null}}},"macro_decl_name":"$crate::godot_nativescript_init!","def_site_span":{"file_name":"/Users/rebeccalemke/.cargo/registry/src/index.crates.io-1949cf8c6b5b557f/gdnative-core-0.11.3/src/init/macros.rs","byte_start":590,"byte_end":626,"line_start":17,"line_end":17,"column_start":1,"column_end":37,"is_primary":false,"text":[{"text":"macro_rules! godot_nativescript_init {","highlight_start":1,"highlight_end":37}],"label":null,"suggested_replacement":null,"suggestion_applicability":null,"expansion":null}}}],"children":[{"message":"no expected values for `feature`","code":null,"level":"note","spans":[],"children":[],"rendered":null},{"message":"using a cfg inside a macro will use the cfgs from the destination crate and not the ones from the defining crate","code":null,"level":"note","spans":[],"children":[],"rendered":null},{"message":"try referring to `$crate::godot_nativescript_init` crate for guidance on how handle this unexpected cfg","code":null,"level":"help","spans":[],"children":[],"rendered":null},{"message":"the macro `$crate::godot_nativescript_init` may come from an old version of the `gdnative_core` crate, try updating your dependency with `cargo update -p gdnative_core`","code":null,"level":"help","spans":[],"children":[],"rendered":null},{"message":"see <https://doc.rust-lang.org/nightly/rustc/check-cfg/cargo-specifics.html> for more information about checking conditional configuration","code":null,"level":"note","spans":[],"children":[],"rendered":null},{"message":"`#[warn(unexpected_cfgs)]` on by default","code":null,"level":"note","spans":[],"children":[],"rendered":null}],"rendered":"\u001b[0m\u001b[1m\u001b[33mwarning\u001b[0m\u001b[0m\u001b[1m: unexpected `cfg` condition value: `custom-godot`\u001b[0m\n\u001b[0m  \u001b[0m\u001b[0m\u001b[1m\u001b[38;5;12m--> \u001b[0m\u001b[0msrc/lib.rs:97:1\u001b[0m\n\u001b[0m   \u001b[0m\u001b[0m\u001b[1m\u001b[38;5;12m|\u001b[0m\n\u001b[0m\u001b[1m\u001b[38;5;12m97\u001b[0m\u001b[0m \u001b[0m\u001b[0m\u001b[1m\u001b[38;5;12m|\u001b[0m\u001b[0m \u001b[0m\u001b[0mgodot_init!(init);\u001b[0m\n\u001b[0m   \u001b[0m\u001b[0m\u001b[1m\u001b[38;5;12m|\u001b[0m\u001b[0m \u001b[0m\u001b[0m\u001b[1m\u001b[33m^^^^^^^^^^^^^^^^^\u001b[0m\n\u001b[0m   \u001b[0m\u001b[0m\u001b[1m\u001b[38;5;12m|\u001b[0m\n\u001b[0m   \u001b[0m\u001b[0m\u001b[1m\u001b[38;5;12m= \u001b[0m\u001b[0m\u001b[1mnote\u001b[0m\u001b[0m: no expected values for `feature`\u001b[0m\n\u001b[0m   \u001b[0m\u001b[0m\u001b[1m\u001b[38;5;12m= \u001b[0m\u001b[0m\u001b[1mnote\u001b[0m\u001b[0m: using a cfg inside a macro will use the cfgs from the destination crate and not the ones from the defining crate\u001b[0m\n\u001b[0m   \u001b[0m\u001b[0m\u001b[1m\u001b[38;5;12m= \u001b[0m\u001b[0m\u001b[1mhelp\u001b[0m\u001b[0m: try referring to `$crate::godot_nativescript_init` crate for guidance on how handle this unexpected cfg\u001b[0m\n\u001b[0m   \u001b[0m\u001b[0m\u001b[1m\u001b[38;5;12m= \u001b[0m\u001b[0m\u001b[1mhelp\u001b[0m\u001b[0m: the macro `$crate::godot_nativescript_init` may come from an old version of the `gdnative_core` crate, try updating your dependency with `cargo update -p gdnative_core`\u001b[0m\n\u001b[0m   \u001b[0m\u001b[0m\u001b[1m\u001b[38;5;12m= \u001b[0m\u001b[0m\u001b[1mnote\u001b[0m\u001b[0m: see <https://doc.rust-lang.org/nightly/rustc/check-cfg/cargo-specifics.html> for more information about checking conditional configuration\u001b[0m\n\u001b[0m   \u001b[0m\u001b[0m\u001b[1m\u001b[38;5;12m= \u001b[0m\u001b[0m\u001b[1mnote\u001b[0m\u001b[0m: `#[warn(unexpected_cfgs)]` on by default\u001b[0m\n\u001b[0m   \u001b[0m\u001b[0m\u001b[1m\u001b[38;5;12m= \u001b[0m\u001b[0m\u001b[1mnote\u001b[0m\u001b[0m: this warning originates in the macro `$crate::godot_nativescript_init` which comes from the expansion of the macro `godot_init` (in Nightly builds, run with -Z macro-backtrace for more info)\u001b[0m\n\n"}
{"$message_type":"diagnostic","message":"use of deprecated function `<CathedralRenderer as gdnative::prelude::NativeClassMethods>::nativeclass_register::deprecated_export_syntax`: \n#[export] is deprecated and will be removed in a future godot-rust version. Use #[method] instead.\n\nFor more information, see https://godot-rust.github.io/docs/gdnative/derive/derive.NativeClass.html.","code":{"code":"deprecated","explanation":null},"level":"warning","spans":[{"file_name":"src/lib.rs","byte_start":411,"byte_end":430,"line_start":22,"line_end":22,"column_start":8,"column_end":27,"is_primary":true,"text":[{"text":"    fn load_cathedral_json(&self, _owner: &Node, json_path: String) -> Dictionary {","highlight_start":8,"highlight_end":27}],"label":null,"suggested_replacement":null,"suggestion_applicability":null,"expansion":null}],"children":[{"message":"`#[warn(deprecated)]` on by default","code":null,"level":"note","spans":[],"children":[],"rendered":null}],"rendered":"\u001b[0m\u001b[1m\u001b[33mwarning\u001b[0m\u001b[0m\u001b[1m: use of deprecated function `<CathedralRenderer as gdnative::prelude::NativeClassMethods>::nativeclass_register::deprecated_export_syntax`: \u001b[0m\n\u001b[0m\u001b[1m         #[export] is deprecated and will be removed in a future godot-rust version. Use #[method] instead.\u001b[0m\n\u001b[0m\u001b[1m         \u001b[0m\n\u001b[0m\u001b[1m         For more information, see https://godot-rust.github.io/docs/gdnative/derive/derive.NativeClass.html.\u001b[0m\n\u001b[0m  \u001b[0m\u001b[0m\u001b[1m\u001b[38;5;12m--> \u001b[0m\u001b[0msrc/lib.rs:22:8\u001b[0m\n\u001b[0m   \u001b[0m\u001b[0m\u001b[1m\u001b[38;5;12m|\u001b[0m\n\u001b[0m\u001b[1m\u001b[38;5;12m22\u001b[0m\u001b[0m \u001b[0m\u001b[0m\u001b[1m\u001b[38;5;12m|\u001b[0m\u001b[0m \u001b[0m\u001b[0m    fn load_cathedral_json(&self, _owner: &Node, json_path: String) -> Dictionary {\u001b[0m\n\u001b[0m   \u001b[0m\u001b[0m\u001b[1m\u001b[38;5;12m|\u001b[0m\u001b[0m        \u001b[0m\u001b[0m\u001b[1m\u001b[33m^^^^^^^^^^^^^^^^^^^\u001b[0m\n\u001b[0m   \u001b[0m\u001b[0m\u001b[1m\u001b[38;5;12m|\u001b[0m\n\u001b[0m   \u001b[0m\u001b[0m\u001b[1m\u001b[38;5;12m= \u001b[0m\u001b[0m\u001b[1mnote\u001b[0m\u001b[0m: `#[warn(deprecated)]` on by default\u001b[0m\n\n"}
{"$message_type":"diagnostic","message":"use of deprecated function `<CathedralRenderer as gdnative::prelude::NativeClassMethods>::nativeclass_register::deprecated_export_syntax`: \n#[export] is deprecated and will be removed in a future godot-rust version. Use #[method] instead.\n\nFor more information, see https://godot-rust.github.io/docs/gdnative/derive/derive.NativeClass.html.","code":{"code":"deprecated","explanation":null},"level":"warning","spans":[{"file_name":"src/lib.rs","byte_start":1432,"byte_end":1456,"line_start":49,"line_end":49,"column_start":8,"column_end":32,"is_primary":true,"text":[{"text":"    fn generate_sacred_geometry(&self, _owner: &Node, geometry_type: String) -> Dictionary {","highlight_start":8,"highlight_end":32}],"label":null,"suggested_replacement":null,"suggestion_applicability":null,"expansion":null}],"children":[],"rendered":"\u001b[0m\u001b[1m\u001b[33mwarning\u001b[0m\u001b[0m\u001b[1m: use of deprecated function `<CathedralRenderer as gdnative::prelude::NativeClassMethods>::nativeclass_register::deprecated_export_syntax`: \u001b[0m\n\u001b[0m\u001b[1m         #[export] is deprecated and will be removed in a future godot-rust version. Use #[method] instead.\u001b[0m\n\u001b[0m\u001b[1m         \u001b[0m\n\u001b[0m\u001b[1m         For more information, see https://godot-rust.github.io/docs/gdnative/derive/derive.NativeClass.html.\u001b[0m\n\u001b[0m  \u001b[0m\u001b[0m\u001b[1m\u001b[38;5;12m--> \u001b[0m\u001b[0msrc/lib.rs:49:8\u001b[0m\n\u001b[0m   \u001b[0m\u001b[0m\u001b[1m\u001b[38;5;12m|\u001b[0m\n\u001b[0m\u001b[1m\u001b[38;5;12m49\u001b[0m\u001b[0m \u001b[0m\u001b[0m\u001b[1m\u001b[38;5;12m|\u001b[0m\u001b[0m \u001b[0m\u001b[0m    fn generate_sacred_geometry(&self, _owner: &Node, geometry_type: String) -> Dictionary {\u001b[0m\n\u001b[0m   \u001b[0m\u001b[0m\u001b[1m\u001b[38;5;12m|\u001b[0m\u001b[0m        \u001b[0m\u001b[0m\u001b[1m\u001b[33m^^^^^^^^^^^^^^^^^^^^^^^^\u001b[0m\n\n"}
{"$message_type":"diagnostic","message":"the trait bound `[f32; 3]: ToVariant` is not satisfied","code":{"code":"E0277","explanation":"You tried to use a type which doesn't implement some trait in a place which\nexpected that trait.\n\nErroneous code example:\n\n```compile_fail,E0277\n// here we declare the Foo trait with a bar method\ntrait Foo {\n    fn bar(&self);\n}\n\n// we now declare a function which takes an object implementing the Foo trait\nfn some_func<T: Foo>(foo: T) {\n    foo.bar();\n}\n\nfn main() {\n    // we now call the method with the i32 type, which doesn't implement\n    // the Foo trait\n    some_func(5i32); // error: the trait bound `i32 : Foo` is not satisfied\n}\n```\n\nIn order to fix this error, verify that the type you're using does implement\nthe trait. Example:\n\n```\ntrait Foo {\n    fn bar(&self);\n}\n\n// we implement the trait on the i32 type\nimpl Foo for i32 {\n    fn bar(&self) {}\n}\n\nfn some_func<T: Foo>(foo: T) {\n    foo.bar(); // we can now use this method since i32 implements the\n               // Foo trait\n}\n\nfn main() {\n    some_func(5i32); // ok!\n}\n```\n\nOr in a generic context, an erroneous code example would look like:\n\n```compile_fail,E0277\nfn some_func<T>(foo: T) {\n    println!(\"{:?}\", foo); // error: the trait `core::fmt::Debug` is not\n                           //        implemented for the type `T`\n}\n\nfn main() {\n    // We now call the method with the i32 type,\n    // which *does* implement the Debug trait.\n    some_func(5i32);\n}\n```\n\nNote that the error here is in the definition of the generic function. Although\nwe only call it with a parameter that does implement `Debug`, the compiler\nstill rejects the function. It must work with all possible input types. In\norder to make this example compile, we need to restrict the generic type we're\naccepting:\n\n```\nuse std::fmt;\n\n// Restrict the input type to types that implement Debug.\nfn some_func<T: fmt::Debug>(foo: T) {\n    println!(\"{:?}\", foo);\n}\n\nfn main() {\n    // Calling the method is still fine, as i32 implements Debug.\n    some_func(5i32);\n\n    // This would fail to compile now:\n    // struct WithoutDebug;\n    // some_func(WithoutDebug);\n}\n```\n\nRust only looks at the signature of the called function, as such it must\nalready specify all requirements that will be used for every type parameter.\n"},"level":"error","spans":[{"file_name":"src/lib.rs","byte_start":870,"byte_end":887,"line_start":30,"line_end":30,"column_start":49,"column_end":66,"is_primary":true,"text":[{"text":"                        dict.insert(\"vertices\", geometry.vertices);","highlight_start":49,"highlight_end":66}],"label":"the trait `ToVariant` is not implemented for `[f32; 3]`","suggested_replacement":null,"suggestion_applicability":null,"expansion":null},{"file_name":"src/lib.rs","byte_start":851,"byte_end":857,"line_start":30,"line_end":30,"column_start":30,"column_end":36,"is_primary":false,"text":[{"text":"                        dict.insert(\"vertices\", geometry.vertices);","highlight_start":30,"highlight_end":36}],"label":"required by a bound introduced by this call","suggested_replacement":null,"suggestion_applicability":null,"expansion":null}],"children":[{"message":"the trait `ToVariant` is implemented for `&[T]`","code":null,"level":"help","spans":[],"children":[],"rendered":null},{"message":"required for `Vec<[f32; 3]>` to implement `ToVariant`","code":null,"level":"note","spans":[],"children":[],"rendered":null},{"message":"required for `Vec<[f32; 3]>` to implement `OwnedToVariant`","code":null,"level":"note","spans":[],"children":[],"rendered":null},{"message":"required by a bound in `gdnative::prelude::Dictionary::<Own>::insert`","code":null,"level":"note","spans":[{"file_name":"/Users/rebeccalemke/.cargo/registry/src/index.crates.io-1949cf8c6b5b557f/gdnative-core-0.11.3/src/core_types/dictionary.rs","byte_start":9801,"byte_end":9807,"line_start":288,"line_end":288,"column_start":12,"column_end":18,"is_primary":false,"text":[{"text":"    pub fn insert<K, V>(&self, key: K, val: V)","highlight_start":12,"highlight_end":18}],"label":"required by a bound in this associated function","suggested_replacement":null,"suggestion_applicability":null,"expansion":null},{"file_name":"/Users/rebeccalemke/.cargo/registry/src/index.crates.io-1949cf8c6b5b557f/gdnative-core-0.11.3/src/core_types/dictionary.rs","byte_start":9899,"byte_end":9913,"line_start":291,"line_end":291,"column_start":12,"column_end":26,"is_primary":true,"text":[{"text":"        V: OwnedToVariant,","highlight_start":12,"highlight_end":26}],"label":"required by this bound in `Dictionary::<Own>::insert`","suggested_replacement":null,"suggestion_applicability":null,"expansion":null}],"children":[],"rendered":null}],"rendered":"\u001b[0m\u001b[1m\u001b[38;5;9merror[E0277]\u001b[0m\u001b[0m\u001b[1m: the trait bound `[f32; 3]: ToVariant` is not satisfied\u001b[0m\n\u001b[0m   \u001b[0m\u001b[0m\u001b[1m\u001b[38;5;12m--> \u001b[0m\u001b[0msrc/lib.rs:30:49\u001b[0m\n\u001b[0m    \u001b[0m\u001b[0m\u001b[1m\u001b[38;5;12m|\u001b[0m\n\u001b[0m \u001b[0m\u001b[0m\u001b[1m\u001b[38;5;12m30\u001b[0m\u001b[0m \u001b[0m\u001b[0m\u001b[1m\u001b[38;5;12m|\u001b[0m\u001b[0m \u001b[0m\u001b[0m                        dict.insert(\"vertices\", geometry.vertices);\u001b[0m\n\u001b[0m    \u001b[0m\u001b[0m\u001b[1m\u001b[38;5;12m|\u001b[0m\u001b[0m                              \u001b[0m\u001b[0m\u001b[1m\u001b[38;5;12m------\u001b[0m\u001b[0m             \u001b[0m\u001b[0m\u001b[1m\u001b[38;5;9m^^^^^^^^^^^^^^^^^\u001b[0m\u001b[0m \u001b[0m\u001b[0m\u001b[1m\u001b[38;5;9mthe trait `ToVariant` is not implemented for `[f32; 3]`\u001b[0m\n\u001b[0m    \u001b[0m\u001b[0m\u001b[1m\u001b[38;5;12m|\u001b[0m\u001b[0m                              \u001b[0m\u001b[0m\u001b[1m\u001b[38;5;12m|\u001b[0m\n\u001b[0m    \u001b[0m\u001b[0m\u001b[1m\u001b[38;5;12m|\u001b[0m\u001b[0m                              \u001b[0m\u001b[0m\u001b[1m\u001b[38;5;12mrequired by a bound introduced by this call\u001b[0m\n\u001b[0m    \u001b[0m\u001b[0m\u001b[1m\u001b[38;5;12m|\u001b[0m\n\u001b[0m    \u001b[0m\u001b[0m\u001b[1m\u001b[38;5;12m= \u001b[0m\u001b[0m\u001b[1mhelp\u001b[0m\u001b[0m: the trait `ToVariant` \u001b[0m\u001b[0m\u001b[1m\u001b[35mis\u001b[0m\u001b[0m implemented for `\u001b[0m\u001b[0m\u001b[1m\u001b[35m&[T]\u001b[0m\u001b[0m`\u001b[0m\n\u001b[0m    \u001b[0m\u001b[0m\u001b[1m\u001b[38;5;12m= \u001b[0m\u001b[0m\u001b[1mnote\u001b[0m\u001b[0m: required for `Vec<[f32; 3]>` to implement `ToVariant`\u001b[0m\n\u001b[0m    \u001b[0m\u001b[0m\u001b[1m\u001b[38;5;12m= \u001b[0m\u001b[0m\u001b[1mnote\u001b[0m\u001b[0m: required for `Vec<[f32; 3]>` to implement `OwnedToVariant`\u001b[0m\n\u001b[0m\u001b[1m\u001b[38;5;10mnote\u001b[0m\u001b[0m: required by a bound in `gdnative::prelude::Dictionary::<Own>::insert`\u001b[0m\n\u001b[0m   \u001b[0m\u001b[0m\u001b[1m\u001b[38;5;12m--> \u001b[0m\u001b[0m/Users/rebeccalemke/.cargo/registry/src/index.crates.io-1949cf8c6b5b557f/gdnative-core-0.11.3/src/core_types/dictionary.rs:291:12\u001b[0m\n\u001b[0m    \u001b[0m\u001b[0m\u001b[1m\u001b[38;5;12m|\u001b[0m\n\u001b[0m\u001b[1m\u001b[38;5;12m288\u001b[0m\u001b[0m \u001b[0m\u001b[0m\u001b[1m\u001b[38;5;12m|\u001b[0m\u001b[0m \u001b[0m\u001b[0m    pub fn insert<K, V>(&self, key: K, val: V)\u001b[0m\n\u001b[0m    \u001b[0m\u001b[0m\u001b[1m\u001b[38;5;12m|\u001b[0m\u001b[0m            \u001b[0m\u001b[0m\u001b[1m\u001b[38;5;12m------\u001b[0m\u001b[0m \u001b[0m\u001b[0m\u001b[1m\u001b[38;5;12mrequired by a bound in this associated function\u001b[0m\n\u001b[0m\u001b[1m\u001b[38;5;12m...\u001b[0m\n\u001b[0m\u001b[1m\u001b[38;5;12m291\u001b[0m\u001b[0m \u001b[0m\u001b[0m\u001b[1m\u001b[38;5;12m|\u001b[0m\u001b[0m \u001b[0m\u001b[0m        V: OwnedToVariant,\u001b[0m\n\u001b[0m    \u001b[0m\u001b[0m\u001b[1m\u001b[38;5;12m|\u001b[0m\u001b[0m            \u001b[0m\u001b[0m\u001b[1m\u001b[38;5;10m^^^^^^^^^^^^^^\u001b[0m\u001b[0m \u001b[0m\u001b[0m\u001b[1m\u001b[38;5;10mrequired by this bound in `Dictionary::<Own>::insert`\u001b[0m\n\n"}
{"$message_type":"diagnostic","message":"the trait bound `[usize; 2]: ToVariant` is not satisfied","code":{"code":"E0277","explanation":"You tried to use a type which doesn't implement some trait in a place which\nexpected that trait.\n\nErroneous code example:\n\n```compile_fail,E0277\n// here we declare the Foo trait with a bar method\ntrait Foo {\n    fn bar(&self);\n}\n\n// we now declare a function which takes an object implementing the Foo trait\nfn some_func<T: Foo>(foo: T) {\n    foo.bar();\n}\n\nfn main() {\n    // we now call the method with the i32 type, which doesn't implement\n    // the Foo trait\n    some_func(5i32); // error: the trait bound `i32 : Foo` is not satisfied\n}\n```\n\nIn order to fix this error, verify that the type you're using does implement\nthe trait. Example:\n\n```\ntrait Foo {\n    fn bar(&self);\n}\n\n// we implement the trait on the i32 type\nimpl Foo for i32 {\n    fn bar(&self) {}\n}\n\nfn some_func<T: Foo>(foo: T) {\n    foo.bar(); // we can now use this method since i32 implements the\n               // Foo trait\n}\n\nfn main() {\n    some_func(5i32); // ok!\n}\n```\n\nOr in a generic context, an erroneous code example would look like:\n\n```compile_fail,E0277\nfn some_func<T>(foo: T) {\n    println!(\"{:?}\", foo); // error: the trait `core::fmt::Debug` is not\n                           //        implemented for the type `T`\n}\n\nfn main() {\n    // We now call the method with the i32 type,\n    // which *does* implement the Debug trait.\n    some_func(5i32);\n}\n```\n\nNote that the error here is in the definition of the generic function. Although\nwe only call it with a parameter that does implement `Debug`, the compiler\nstill rejects the function. It must work with all possible input types. In\norder to make this example compile, we need to restrict the generic type we're\naccepting:\n\n```\nuse std::fmt;\n\n// Restrict the input type to types that implement Debug.\nfn some_func<T: fmt::Debug>(foo: T) {\n    println!(\"{:?}\", foo);\n}\n\nfn main() {\n    // Calling the method is still fine, as i32 implements Debug.\n    some_func(5i32);\n\n    // This would fail to compile now:\n    // struct WithoutDebug;\n    // some_func(WithoutDebug);\n}\n```\n\nRust only looks at the signature of the called function, as such it must\nalready specify all requirements that will be used for every type parameter.\n"},"level":"error","spans":[{"file_name":"src/lib.rs","byte_start":935,"byte_end":949,"line_start":31,"line_end":31,"column_start":46,"column_end":60,"is_primary":true,"text":[{"text":"                        dict.insert(\"edges\", geometry.edges);","highlight_start":46,"highlight_end":60}],"label":"the trait `ToVariant` is not implemented for `[usize; 2]`","suggested_replacement":null,"suggestion_applicability":null,"expansion":null},{"file_name":"src/lib.rs","byte_start":919,"byte_end":925,"line_start":31,"line_end":31,"column_start":30,"column_end":36,"is_primary":false,"text":[{"text":"                        dict.insert(\"edges\", geometry.edges);","highlight_start":30,"highlight_end":36}],"label":"required by a bound introduced by this call","suggested_replacement":null,"suggestion_applicability":null,"expansion":null}],"children":[{"message":"the trait `ToVariant` is implemented for `&[T]`","code":null,"level":"help","spans":[],"children":[],"rendered":null},{"message":"required for `Vec<[usize; 2]>` to implement `ToVariant`","code":null,"level":"note","spans":[],"children":[],"rendered":null},{"message":"required for `Vec<[usize; 2]>` to implement `OwnedToVariant`","code":null,"level":"note","spans":[],"children":[],"rendered":null},{"message":"required by a bound in `gdnative::prelude::Dictionary::<Own>::insert`","code":null,"level":"note","spans":[{"file_name":"/Users/rebeccalemke/.cargo/registry/src/index.crates.io-1949cf8c6b5b557f/gdnative-core-0.11.3/src/core_types/dictionary.rs","byte_start":9801,"byte_end":9807,"line_start":288,"line_end":288,"column_start":12,"column_end":18,"is_primary":false,"text":[{"text":"    pub fn insert<K, V>(&self, key: K, val: V)","highlight_start":12,"highlight_end":18}],"label":"required by a bound in this associated function","suggested_replacement":null,"suggestion_applicability":null,"expansion":null},{"file_name":"/Users/rebeccalemke/.cargo/registry/src/index.crates.io-1949cf8c6b5b557f/gdnative-core-0.11.3/src/core_types/dictionary.rs","byte_start":9899,"byte_end":9913,"line_start":291,"line_end":291,"column_start":12,"column_end":26,"is_primary":true,"text":[{"text":"        V: OwnedToVariant,","highlight_start":12,"highlight_end":26}],"label":"required by this bound in `Dictionary::<Own>::insert`","suggested_replacement":null,"suggestion_applicability":null,"expansion":null}],"children":[],"rendered":null}],"rendered":"\u001b[0m\u001b[1m\u001b[38;5;9merror[E0277]\u001b[0m\u001b[0m\u001b[1m: the trait bound `[usize; 2]: ToVariant` is not satisfied\u001b[0m\n\u001b[0m   \u001b[0m\u001b[0m\u001b[1m\u001b[38;5;12m--> \u001b[0m\u001b[0msrc/lib.rs:31:46\u001b[0m\n\u001b[0m    \u001b[0m\u001b[0m\u001b[1m\u001b[38;5;12m|\u001b[0m\n\u001b[0m \u001b[0m\u001b[0m\u001b[1m\u001b[38;5;12m31\u001b[0m\u001b[0m \u001b[0m\u001b[0m\u001b[1m\u001b[38;5;12m|\u001b[0m\u001b[0m \u001b[0m\u001b[0m                        dict.insert(\"edges\", geometry.edges);\u001b[0m\n\u001b[0m    \u001b[0m\u001b[0m\u001b[1m\u001b[38;5;12m|\u001b[0m\u001b[0m                              \u001b[0m\u001b[0m\u001b[1m\u001b[38;5;12m------\u001b[0m\u001b[0m          \u001b[0m\u001b[0m\u001b[1m\u001b[38;5;9m^^^^^^^^^^^^^^\u001b[0m\u001b[0m \u001b[0m\u001b[0m\u001b[1m\u001b[38;5;9mthe trait `ToVariant` is not implemented for `[usize; 2]`\u001b[0m\n\u001b[0m    \u001b[0m\u001b[0m\u001b[1m\u001b[38;5;12m|\u001b[0m\u001b[0m                              \u001b[0m\u001b[0m\u001b[1m\u001b[38;5;12m|\u001b[0m\n\u001b[0m    \u001b[0m\u001b[0m\u001b[1m\u001b[38;5;12m|\u001b[0m\u001b[0m                              \u001b[0m\u001b[0m\u001b[1m\u001b[38;5;12mrequired by a bound introduced by this call\u001b[0m\n\u001b[0m    \u001b[0m\u001b[0m\u001b[1m\u001b[38;5;12m|\u001b[0m\n\u001b[0m    \u001b[0m\u001b[0m\u001b[1m\u001b[38;5;12m= \u001b[0m\u001b[0m\u001b[1mhelp\u001b[0m\u001b[0m: the trait `ToVariant` \u001b[0m\u001b[0m\u001b[1m\u001b[35mis\u001b[0m\u001b[0m implemented for `\u001b[0m\u001b[0m\u001b[1m\u001b[35m&[T]\u001b[0m\u001b[0m`\u001b[0m\n\u001b[0m    \u001b[0m\u001b[0m\u001b[1m\u001b[38;5;12m= \u001b[0m\u001b[0m\u001b[1mnote\u001b[0m\u001b[0m: required for `Vec<[usize; 2]>` to implement `ToVariant`\u001b[0m\n\u001b[0m    \u001b[0m\u001b[0m\u001b[1m\u001b[38;5;12m= \u001b[0m\u001b[0m\u001b[1mnote\u001b[0m\u001b[0m: required for `Vec<[usize; 2]>` to implement `OwnedToVariant`\u001b[0m\n\u001b[0m\u001b[1m\u001b[38;5;10mnote\u001b[0m\u001b[0m: required by a bound in `gdnative::prelude::Dictionary::<Own>::insert`\u001b[0m\n\u001b[0m   \u001b[0m\u001b[0m\u001b[1m\u001b[38;5;12m--> \u001b[0m\u001b[0m/Users/rebeccalemke/.cargo/registry/src/index.crates.io-1949cf8c6b5b557f/gdnative-core-0.11.3/src/core_types/dictionary.rs:291:12\u001b[0m\n\u001b[0m    \u001b[0m\u001b[0m\u001b[1m\u001b[38;5;12m|\u001b[0m\n\u001b[0m\u001b[1m\u001b[38;5;12m288\u001b[0m\u001b[0m \u001b[0m\u001b[0m\u001b[1m\u001b[38;5;12m|\u001b[0m\u001b[0m \u001b[0m\u001b[0m    pub fn insert<K, V>(&self, key: K, val: V)\u001b[0m\n\u001b[0m    \u001b[0m\u001b[0m\u001b[1m\u001b[38;5;12m|\u001b[0m\u001b[0m            \u001b[0m\u001b[0m\u001b[1m\u001b[38;5;12m------\u001b[0m\u001b[0m \u001b[0m\u001b[0m\u001b[1m\u001b[38;5;12mrequired by a bound in this associated function\u001b[0m\n\u001b[0m\u001b[1m\u001b[38;5;12m...\u001b[0m\n\u001b[0m\u001b[1m\u001b[38;5;12m291\u001b[0m\u001b[0m \u001b[0m\u001b[0m\u001b[1m\u001b[38;5;12m|\u001b[0m\u001b[0m \u001b[0m\u001b[0m        V: OwnedToVariant,\u001b[0m\n\u001b[0m    \u001b[0m\u001b[0m\u001b[1m\u001b[38;5;12m|\u001b[0m\u001b[0m            \u001b[0m\u001b[0m\u001b[1m\u001b[38;5;10m^^^^^^^^^^^^^^\u001b[0m\u001b[0m \u001b[0m\u001b[0m\u001b[1m\u001b[38;5;10mrequired by this bound in `Dictionary::<Own>::insert`\u001b[0m\n\n"}
{"$message_type":"diagnostic","message":"mismatched types","code":{"code":"E0308","explanation":"Expected type did not match the received type.\n\nErroneous code examples:\n\n```compile_fail,E0308\nfn plus_one(x: i32) -> i32 {\n    x + 1\n}\n\nplus_one(\"Not a number\");\n//       ^^^^^^^^^^^^^^ expected `i32`, found `&str`\n\nif \"Not a bool\" {\n// ^^^^^^^^^^^^ expected `bool`, found `&str`\n}\n\nlet x: f32 = \"Not a float\";\n//     ---   ^^^^^^^^^^^^^ expected `f32`, found `&str`\n//     |\n//     expected due to this\n```\n\nThis error occurs when an expression was used in a place where the compiler\nexpected an expression of a different type. It can occur in several cases, the\nmost common being when calling a function and passing an argument which has a\ndifferent type than the matching type in the function declaration.\n"},"level":"error","spans":[{"file_name":"src/lib.rs","byte_start":1044,"byte_end":1048,"line_start":33,"line_end":33,"column_start":25,"column_end":29,"is_primary":true,"text":[{"text":"                        dict","highlight_start":25,"highlight_end":29}],"label":"expected `Dictionary`, found `Dictionary<Unique>`","suggested_replacement":null,"suggestion_applicability":null,"expansion":null},{"file_name":"src/lib.rs","byte_start":475,"byte_end":485,"line_start":22,"line_end":22,"column_start":72,"column_end":82,"is_primary":false,"text":[{"text":"    fn load_cathedral_json(&self, _owner: &Node, json_path: String) -> Dictionary {","highlight_start":72,"highlight_end":82}],"label":"expected `gdnative::prelude::Dictionary` because of return type","suggested_replacement":null,"suggestion_applicability":null,"expansion":null}],"children":[{"message":"expected struct `gdnative::prelude::Dictionary<Shared>`\n   found struct `gdnative::prelude::Dictionary<gdnative::prelude::Unique>`","code":null,"level":"note","spans":[],"children":[],"rendered":null},{"message":"call `Into::into` on this expression to convert `gdnative::prelude::Dictionary<gdnative::prelude::Unique>` into `gdnative::prelude::Dictionary`","code":null,"level":"help","spans":[{"file_name":"src/lib.rs","byte_start":1048,"byte_end":1048,"line_start":33,"line_end":33,"column_start":29,"column_end":29,"is_primary":true,"text":[{"text":"                        dict","highlight_start":29,"highlight_end":29}],"label":null,"suggested_replacement":".into()","suggestion_applicability":"MaybeIncorrect","expansion":null}],"children":[],"rendered":null}],"rendered":"\u001b[0m\u001b[1m\u001b[38;5;9merror[E0308]\u001b[0m\u001b[0m\u001b[1m: mismatched types\u001b[0m\n\u001b[0m  \u001b[0m\u001b[0m\u001b[1m\u001b[38;5;12m--> \u001b[0m\u001b[0msrc/lib.rs:33:25\u001b[0m\n\u001b[0m   \u001b[0m\u001b[0m\u001b[1m\u001b[38;5;12m|\u001b[0m\n\u001b[0m\u001b[1m\u001b[38;5;12m22\u001b[0m\u001b[0m \u001b[0m\u001b[0m\u001b[1m\u001b[38;5;12m|\u001b[0m\u001b[0m \u001b[0m\u001b[0m    fn load_cathedral_json(&self, _owner: &Node, json_path: String) -> Dictionary {\u001b[0m\n\u001b[0m   \u001b[0m\u001b[0m\u001b[1m\u001b[38;5;12m|\u001b[0m\u001b[0m                                                                        \u001b[0m\u001b[0m\u001b[1m\u001b[38;5;12m----------\u001b[0m\u001b[0m \u001b[0m\u001b[0m\u001b[1m\u001b[38;5;12mexpected `gdnative::prelude::Dictionary` because of return type\u001b[0m\n\u001b[0m\u001b[1m\u001b[38;5;12m...\u001b[0m\n\u001b[0m\u001b[1m\u001b[38;5;12m33\u001b[0m\u001b[0m \u001b[0m\u001b[0m\u001b[1m\u001b[38;5;12m|\u001b[0m\u001b[0m \u001b[0m\u001b[0m                        dict\u001b[0m\n\u001b[0m   \u001b[0m\u001b[0m\u001b[1m\u001b[38;5;12m|\u001b[0m\u001b[0m                         \u001b[0m\u001b[0m\u001b[1m\u001b[38;5;9m^^^^\u001b[0m\u001b[0m \u001b[0m\u001b[0m\u001b[1m\u001b[38;5;9mexpected `Dictionary`, found `Dictionary<Unique>`\u001b[0m\n\u001b[0m   \u001b[0m\u001b[0m\u001b[1m\u001b[38;5;12m|\u001b[0m\n\u001b[0m   \u001b[0m\u001b[0m\u001b[1m\u001b[38;5;12m= \u001b[0m\u001b[0m\u001b[1mnote\u001b[0m\u001b[0m: expected struct `gdnative::prelude::Dictionary<\u001b[0m\u001b[0m\u001b[1m\u001b[35mShared\u001b[0m\u001b[0m>`\u001b[0m\n\u001b[0m              found struct `gdnative::prelude::Dictionary<\u001b[0m\u001b[0m\u001b[1m\u001b[35mgdnative::prelude::Unique\u001b[0m\u001b[0m>`\u001b[0m\n\u001b[0m\u001b[1m\u001b[38;5;14mhelp\u001b[0m\u001b[0m: call `Into::into` on this expression to convert `gdnative::prelude::Dictionary<gdnative::prelude::Unique>` into `gdnative::prelude::Dictionary`\u001b[0m\n\u001b[0m   \u001b[0m\u001b[0m\u001b[1m\u001b[38;5;12m|\u001b[0m\n\u001b[0m\u001b[1m\u001b[38;5;12m33\u001b[0m\u001b[0m \u001b[0m\u001b[0m\u001b[1m\u001b[38;5;12m| \u001b[0m\u001b[0m                        dict\u001b[0m\u001b[0m\u001b[38;5;10m.into()\u001b[0m\n\u001b[0m   \u001b[0m\u001b[0m\u001b[1m\u001b[38;5;12m|\u001b[0m\u001b[0m                             \u001b[0m\u001b[0m\u001b[38;5;10m+++++++\u001b[0m\n\n"}
{"$message_type":"diagnostic","message":"mismatched types","code":{"code":"E0308","explanation":"Expected type did not match the received type.\n\nErroneous code examples:\n\n```compile_fail,E0308\nfn plus_one(x: i32) -> i32 {\n    x + 1\n}\n\nplus_one(\"Not a number\");\n//       ^^^^^^^^^^^^^^ expected `i32`, found `&str`\n\nif \"Not a bool\" {\n// ^^^^^^^^^^^^ expected `bool`, found `&str`\n}\n\nlet x: f32 = \"Not a float\";\n//     ---   ^^^^^^^^^^^^^ expected `f32`, found `&str`\n//     |\n//     expected due to this\n```\n\nThis error occurs when an expression was used in a place where the compiler\nexpected an expression of a different type. It can occur in several cases, the\nmost common being when calling a function and passing an argument which has a\ndifferent type than the matching type in the function declaration.\n"},"level":"error","spans":[{"file_name":"src/lib.rs","byte_start":1193,"byte_end":1210,"line_start":37,"line_end":37,"column_start":25,"column_end":42,"is_primary":true,"text":[{"text":"                        Dictionary::new()","highlight_start":25,"highlight_end":42}],"label":"expected `Dictionary`, found `Dictionary<Unique>`","suggested_replacement":null,"suggestion_applicability":null,"expansion":null},{"file_name":"src/lib.rs","byte_start":475,"byte_end":485,"line_start":22,"line_end":22,"column_start":72,"column_end":82,"is_primary":false,"text":[{"text":"    fn load_cathedral_json(&self, _owner: &Node, json_path: String) -> Dictionary {","highlight_start":72,"highlight_end":82}],"label":"expected `gdnative::prelude::Dictionary` because of return type","suggested_replacement":null,"suggestion_applicability":null,"expansion":null}],"children":[{"message":"expected struct `gdnative::prelude::Dictionary<Shared>`\n   found struct `gdnative::prelude::Dictionary<gdnative::prelude::Unique>`","code":null,"level":"note","spans":[],"children":[],"rendered":null},{"message":"call `Into::into` on this expression to convert `gdnative::prelude::Dictionary<gdnative::prelude::Unique>` into `gdnative::prelude::Dictionary`","code":null,"level":"help","spans":[{"file_name":"src/lib.rs","byte_start":1210,"byte_end":1210,"line_start":37,"line_end":37,"column_start":42,"column_end":42,"is_primary":true,"text":[{"text":"                        Dictionary::new()","highlight_start":42,"highlight_end":42}],"label":null,"suggested_replacement":".into()","suggestion_applicability":"MaybeIncorrect","expansion":null}],"children":[],"rendered":null}],"rendered":"\u001b[0m\u001b[1m\u001b[38;5;9merror[E0308]\u001b[0m\u001b[0m\u001b[1m: mismatched types\u001b[0m\n\u001b[0m  \u001b[0m\u001b[0m\u001b[1m\u001b[38;5;12m--> \u001b[0m\u001b[0msrc/lib.rs:37:25\u001b[0m\n\u001b[0m   \u001b[0m\u001b[0m\u001b[1m\u001b[38;5;12m|\u001b[0m\n\u001b[0m\u001b[1m\u001b[38;5;12m22\u001b[0m\u001b[0m \u001b[0m\u001b[0m\u001b[1m\u001b[38;5;12m|\u001b[0m\u001b[0m \u001b[0m\u001b[0m    fn load_cathedral_json(&self, _owner: &Node, json_path: String) -> Dictionary {\u001b[0m\n\u001b[0m   \u001b[0m\u001b[0m\u001b[1m\u001b[38;5;12m|\u001b[0m\u001b[0m                                                                        \u001b[0m\u001b[0m\u001b[1m\u001b[38;5;12m----------\u001b[0m\u001b[0m \u001b[0m\u001b[0m\u001b[1m\u001b[38;5;12mexpected `gdnative::prelude::Dictionary` because of return type\u001b[0m\n\u001b[0m\u001b[1m\u001b[38;5;12m...\u001b[0m\n\u001b[0m\u001b[1m\u001b[38;5;12m37\u001b[0m\u001b[0m \u001b[0m\u001b[0m\u001b[1m\u001b[38;5;12m|\u001b[0m\u001b[0m \u001b[0m\u001b[0m                        Dictionary::new()\u001b[0m\n\u001b[0m   \u001b[0m\u001b[0m\u001b[1m\u001b[38;5;12m|\u001b[0m\u001b[0m                         \u001b[0m\u001b[0m\u001b[1m\u001b[38;5;9m^^^^^^^^^^^^^^^^^\u001b[0m\u001b[0m \u001b[0m\u001b[0m\u001b[1m\u001b[38;5;9mexpected `Dictionary`, found `Dictionary<Unique>`\u001b[0m\n\u001b[0m   \u001b[0m\u001b[0m\u001b[1m\u001b[38;5;12m|\u001b[0m\n\u001b[0m   \u001b[0m\u001b[0m\u001b[1m\u001b[38;5;12m= \u001b[0m\u001b[0m\u001b[1mnote\u001b[0m\u001b[0m: expected struct `gdnative::prelude::Dictionary<\u001b[0m\u001b[0m\u001b[1m\u001b[35mShared\u001b[0m\u001b[0m>`\u001b[0m\n\u001b[0m              found struct `gdnative::prelude::Dictionary<\u001b[0m\u001b[0m\u001b[1m\u001b[35mgdnative::prelude::Unique\u001b[0m\u001b[0m>`\u001b[0m\n\u001b[0m\u001b[1m\u001b[38;5;14mhelp\u001b[0m\u001b[0m: call `Into::into` on this expression to convert `gdnative::prelude::Dictionary<gdnative::prelude::Unique>` into `gdnative::prelude::Dictionary`\u001b[0m\n\u001b[0m   \u001b[0m\u001b[0m\u001b[1m\u001b[38;5;12m|\u001b[0m\n\u001b[0m\u001b[1m\u001b[38;5;12m37\u001b[0m\u001b[0m \u001b[0m\u001b[0m\u001b[1m\u001b[38;5;12m| \u001b[0m\u001b[0m                        Dictionary::new()\u001b[0m\u001b[0m\u001b[38;5;10m.into()\u001b[0m\n\u001b[0m   \u001b[0m\u001b[0m\u001b[1m\u001b[38;5;12m|\u001b[0m\u001b[0m                                          \u001b[0m\u001b[0m\u001b[38;5;10m+++++++\u001b[0m\n\n"}
{"$message_type":"diagnostic","message":"mismatched types","code":{"code":"E0308","explanation":"Expected type did not match the received type.\n\nErroneous code examples:\n\n```compile_fail,E0308\nfn plus_one(x: i32) -> i32 {\n    x + 1\n}\n\nplus_one(\"Not a number\");\n//       ^^^^^^^^^^^^^^ expected `i32`, found `&str`\n\nif \"Not a bool\" {\n// ^^^^^^^^^^^^ expected `bool`, found `&str`\n}\n\nlet x: f32 = \"Not a float\";\n//     ---   ^^^^^^^^^^^^^ expected `f32`, found `&str`\n//     |\n//     expected due to this\n```\n\nThis error occurs when an expression was used in a place where the compiler\nexpected an expression of a different type. It can occur in several cases, the\nmost common being when calling a function and passing an argument which has a\ndifferent type than the matching type in the function declaration.\n"},"level":"error","spans":[{"file_name":"src/lib.rs","byte_start":1362,"byte_end":1379,"line_start":43,"line_end":43,"column_start":17,"column_end":34,"is_primary":true,"text":[{"text":"                Dictionary::new()","highlight_start":17,"highlight_end":34}],"label":"expected `Dictionary`, found `Dictionary<Unique>`","suggested_replacement":null,"suggestion_applicability":null,"expansion":null},{"file_name":"src/lib.rs","byte_start":475,"byte_end":485,"line_start":22,"line_end":22,"column_start":72,"column_end":82,"is_primary":false,"text":[{"text":"    fn load_cathedral_json(&self, _owner: &Node, json_path: String) -> Dictionary {","highlight_start":72,"highlight_end":82}],"label":"expected `gdnative::prelude::Dictionary` because of return type","suggested_replacement":null,"suggestion_applicability":null,"expansion":null}],"children":[{"message":"expected struct `gdnative::prelude::Dictionary<Shared>`\n   found struct `gdnative::prelude::Dictionary<gdnative::prelude::Unique>`","code":null,"level":"note","spans":[],"children":[],"rendered":null},{"message":"call `Into::into` on this expression to convert `gdnative::prelude::Dictionary<gdnative::prelude::Unique>` into `gdnative::prelude::Dictionary`","code":null,"level":"help","spans":[{"file_name":"src/lib.rs","byte_start":1379,"byte_end":1379,"line_start":43,"line_end":43,"column_start":34,"column_end":34,"is_primary":true,"text":[{"text":"                Dictionary::new()","highlight_start":34,"highlight_end":34}],"label":null,"suggested_replacement":".into()","suggestion_applicability":"MaybeIncorrect","expansion":null}],"children":[],"rendered":null}],"rendered":"\u001b[0m\u001b[1m\u001b[38;5;9merror[E0308]\u001b[0m\u001b[0m\u001b[1m: mismatched types\u001b[0m\n\u001b[0m  \u001b[0m\u001b[0m\u001b[1m\u001b[38;5;12m--> \u001b[0m\u001b[0msrc/lib.rs:43:17\u001b[0m\n\u001b[0m   \u001b[0m\u001b[0m\u001b[1m\u001b[38;5;12m|\u001b[0m\n\u001b[0m\u001b[1m\u001b[38;5;12m22\u001b[0m\u001b[0m \u001b[0m\u001b[0m\u001b[1m\u001b[38;5;12m|\u001b[0m\u001b[0m \u001b[0m\u001b[0m    fn load_cathedral_json(&self, _owner: &Node, json_path: String) -> Dictionary {\u001b[0m\n\u001b[0m   \u001b[0m\u001b[0m\u001b[1m\u001b[38;5;12m|\u001b[0m\u001b[0m                                                                        \u001b[0m\u001b[0m\u001b[1m\u001b[38;5;12m----------\u001b[0m\u001b[0m \u001b[0m\u001b[0m\u001b[1m\u001b[38;5;12mexpected `gdnative::prelude::Dictionary` because of return type\u001b[0m\n\u001b[0m\u001b[1m\u001b[38;5;12m...\u001b[0m\n\u001b[0m\u001b[1m\u001b[38;5;12m43\u001b[0m\u001b[0m \u001b[0m\u001b[0m\u001b[1m\u001b[38;5;12m|\u001b[0m\u001b[0m \u001b[0m\u001b[0m                Dictionary::new()\u001b[0m\n\u001b[0m   \u001b[0m\u001b[0m\u001b[1m\u001b[38;5;12m|\u001b[0m\u001b[0m                 \u001b[0m\u001b[0m\u001b[1m\u001b[38;5;9m^^^^^^^^^^^^^^^^^\u001b[0m\u001b[0m \u001b[0m\u001b[0m\u001b[1m\u001b[38;5;9mexpected `Dictionary`, found `Dictionary<Unique>`\u001b[0m\n\u001b[0m   \u001b[0m\u001b[0m\u001b[1m\u001b[38;5;12m|\u001b[0m\n\u001b[0m   \u001b[0m\u001b[0m\u001b[1m\u001b[38;5;12m= \u001b[0m\u001b[0m\u001b[1mnote\u001b[0m\u001b[0m: expected struct `gdnative::prelude::Dictionary<\u001b[0m\u001b[0m\u001b[1m\u001b[35mShared\u001b[0m\u001b[0m>`\u001b[0m\n\u001b[0m              found struct `gdnative::prelude::Dictionary<\u001b[0m\u001b[0m\u001b[1m\u001b[35mgdnative::prelude::Unique\u001b[0m\u001b[0m>`\u001b[0m\n\u001b[0m\u001b[1m\u001b[38;5;14mhelp\u001b[0m\u001b[0m: call `Into::into` on this expression to convert `gdnative::prelude::Dictionary<gdnative::prelude::Unique>` into `gdnative::prelude::Dictionary`\u001b[0m\n\u001b[0m   \u001b[0m\u001b[0m\u001b[1m\u001b[38;5;12m|\u001b[0m\n\u001b[0m\u001b[1m\u001b[38;5;12m43\u001b[0m\u001b[0m \u001b[0m\u001b[0m\u001b[1m\u001b[38;5;12m| \u001b[0m\u001b[0m                Dictionary::new()\u001b[0m\u001b[0m\u001b[38;5;10m.into()\u001b[0m\n\u001b[0m   \u001b[0m\u001b[0m\u001b[1m\u001b[38;5;12m|\u001b[0m\u001b[0m                                  \u001b[0m\u001b[0m\u001b[38;5;10m+++++++\u001b[0m\n\n"}
{"$message_type":"diagnostic","message":"the trait bound `[{float}; 3]: ToVariant` is not satisfied","code":{"code":"E0277","explanation":"You tried to use a type which doesn't implement some trait in a place which\nexpected that trait.\n\nErroneous code example:\n\n```compile_fail,E0277\n// here we declare the Foo trait with a bar method\ntrait Foo {\n    fn bar(&self);\n}\n\n// we now declare a function which takes an object implementing the Foo trait\nfn some_func<T: Foo>(foo: T) {\n    foo.bar();\n}\n\nfn main() {\n    // we now call the method with the i32 type, which doesn't implement\n    // the Foo trait\n    some_func(5i32); // error: the trait bound `i32 : Foo` is not satisfied\n}\n```\n\nIn order to fix this error, verify that the type you're using does implement\nthe trait. Example:\n\n```\ntrait Foo {\n    fn bar(&self);\n}\n\n// we implement the trait on the i32 type\nimpl Foo for i32 {\n    fn bar(&self) {}\n}\n\nfn some_func<T: Foo>(foo: T) {\n    foo.bar(); // we can now use this method since i32 implements the\n               // Foo trait\n}\n\nfn main() {\n    some_func(5i32); // ok!\n}\n```\n\nOr in a generic context, an erroneous code example would look like:\n\n```compile_fail,E0277\nfn some_func<T>(foo: T) {\n    println!(\"{:?}\", foo); // error: the trait `core::fmt::Debug` is not\n                           //        implemented for the type `T`\n}\n\nfn main() {\n    // We now call the method with the i32 type,\n    // which *does* implement the Debug trait.\n    some_func(5i32);\n}\n```\n\nNote that the error here is in the definition of the generic function. Although\nwe only call it with a parameter that does implement `Debug`, the compiler\nstill rejects the function. It must work with all possible input types. In\norder to make this example compile, we need to restrict the generic type we're\naccepting:\n\n```\nuse std::fmt;\n\n// Restrict the input type to types that implement Debug.\nfn some_func<T: fmt::Debug>(foo: T) {\n    println!(\"{:?}\", foo);\n}\n\nfn main() {\n    // Calling the method is still fine, as i32 implements Debug.\n    some_func(5i32);\n\n    // This would fail to compile now:\n    // struct WithoutDebug;\n    // some_func(WithoutDebug);\n}\n```\n\nRust only looks at the signature of the called function, as such it must\nalready specify all requirements that will be used for every type parameter.\n"},"level":"error","spans":[{"file_name":"src/lib.rs","byte_start":2030,"byte_end":2038,"line_start":63,"line_end":63,"column_start":41,"column_end":49,"is_primary":true,"text":[{"text":"                dict.insert(\"vertices\", vertices);","highlight_start":41,"highlight_end":49}],"label":"the trait `ToVariant` is not implemented for `[{float}; 3]`","suggested_replacement":null,"suggestion_applicability":null,"expansion":null},{"file_name":"src/lib.rs","byte_start":2011,"byte_end":2017,"line_start":63,"line_end":63,"column_start":22,"column_end":28,"is_primary":false,"text":[{"text":"                dict.insert(\"vertices\", vertices);","highlight_start":22,"highlight_end":28}],"label":"required by a bound introduced by this call","suggested_replacement":null,"suggestion_applicability":null,"expansion":null}],"children":[{"message":"the trait `ToVariant` is implemented for `&[T]`","code":null,"level":"help","spans":[],"children":[],"rendered":null},{"message":"required for `Vec<[{float}; 3]>` to implement `ToVariant`","code":null,"level":"note","spans":[],"children":[],"rendered":null},{"message":"required for `Vec<[{float}; 3]>` to implement `OwnedToVariant`","code":null,"level":"note","spans":[],"children":[],"rendered":null},{"message":"required by a bound in `gdnative::prelude::Dictionary::<Own>::insert`","code":null,"level":"note","spans":[{"file_name":"/Users/rebeccalemke/.cargo/registry/src/index.crates.io-1949cf8c6b5b557f/gdnative-core-0.11.3/src/core_types/dictionary.rs","byte_start":9801,"byte_end":9807,"line_start":288,"line_end":288,"column_start":12,"column_end":18,"is_primary":false,"text":[{"text":"    pub fn insert<K, V>(&self, key: K, val: V)","highlight_start":12,"highlight_end":18}],"label":"required by a bound in this associated function","suggested_replacement":null,"suggestion_applicability":null,"expansion":null},{"file_name":"/Users/rebeccalemke/.cargo/registry/src/index.crates.io-1949cf8c6b5b557f/gdnative-core-0.11.3/src/core_types/dictionary.rs","byte_start":9899,"byte_end":9913,"line_start":291,"line_end":291,"column_start":12,"column_end":26,"is_primary":true,"text":[{"text":"        V: OwnedToVariant,","highlight_start":12,"highlight_end":26}],"label":"required by this bound in `Dictionary::<Own>::insert`","suggested_replacement":null,"suggestion_applicability":null,"expansion":null}],"children":[],"rendered":null}],"rendered":"\u001b[0m\u001b[1m\u001b[38;5;9merror[E0277]\u001b[0m\u001b[0m\u001b[1m: the trait bound `[{float}; 3]: ToVariant` is not satisfied\u001b[0m\n\u001b[0m   \u001b[0m\u001b[0m\u001b[1m\u001b[38;5;12m--> \u001b[0m\u001b[0msrc/lib.rs:63:41\u001b[0m\n\u001b[0m    \u001b[0m\u001b[0m\u001b[1m\u001b[38;5;12m|\u001b[0m\n\u001b[0m \u001b[0m\u001b[0m\u001b[1m\u001b[38;5;12m63\u001b[0m\u001b[0m \u001b[0m\u001b[0m\u001b[1m\u001b[38;5;12m|\u001b[0m\u001b[0m \u001b[0m\u001b[0m                dict.insert(\"vertices\", vertices);\u001b[0m\n\u001b[0m    \u001b[0m\u001b[0m\u001b[1m\u001b[38;5;12m|\u001b[0m\u001b[0m                      \u001b[0m\u001b[0m\u001b[1m\u001b[38;5;12m------\u001b[0m\u001b[0m             \u001b[0m\u001b[0m\u001b[1m\u001b[38;5;9m^^^^^^^^\u001b[0m\u001b[0m \u001b[0m\u001b[0m\u001b[1m\u001b[38;5;9mthe trait `ToVariant` is not implemented for `[{float}; 3]`\u001b[0m\n\u001b[0m    \u001b[0m\u001b[0m\u001b[1m\u001b[38;5;12m|\u001b[0m\u001b[0m                      \u001b[0m\u001b[0m\u001b[1m\u001b[38;5;12m|\u001b[0m\n\u001b[0m    \u001b[0m\u001b[0m\u001b[1m\u001b[38;5;12m|\u001b[0m\u001b[0m                      \u001b[0m\u001b[0m\u001b[1m\u001b[38;5;12mrequired by a bound introduced by this call\u001b[0m\n\u001b[0m    \u001b[0m\u001b[0m\u001b[1m\u001b[38;5;12m|\u001b[0m\n\u001b[0m    \u001b[0m\u001b[0m\u001b[1m\u001b[38;5;12m= \u001b[0m\u001b[0m\u001b[1mhelp\u001b[0m\u001b[0m: the trait `ToVariant` \u001b[0m\u001b[0m\u001b[1m\u001b[35mis\u001b[0m\u001b[0m implemented for `\u001b[0m\u001b[0m\u001b[1m\u001b[35m&[T]\u001b[0m\u001b[0m`\u001b[0m\n\u001b[0m    \u001b[0m\u001b[0m\u001b[1m\u001b[38;5;12m= \u001b[0m\u001b[0m\u001b[1mnote\u001b[0m\u001b[0m: required for `Vec<[{float}; 3]>` to implement `ToVariant`\u001b[0m\n\u001b[0m    \u001b[0m\u001b[0m\u001b[1m\u001b[38;5;12m= \u001b[0m\u001b[0m\u001b[1mnote\u001b[0m\u001b[0m: required for `Vec<[{float}; 3]>` to implement `OwnedToVariant`\u001b[0m\n\u001b[0m\u001b[1m\u001b[38;5;10mnote\u001b[0m\u001b[0m: required by a bound in `gdnative::prelude::Dictionary::<Own>::insert`\u001b[0m\n\u001b[0m   \u001b[0m\u001b[0m\u001b[1m\u001b[38;5;12m--> \u001b[0m\u001b[0m/Users/rebeccalemke/.cargo/registry/src/index.crates.io-1949cf8c6b5b557f/gdnative-core-0.11.3/src/core_types/dictionary.rs:291:12\u001b[0m\n\u001b[0m    \u001b[0m\u001b[0m\u001b[1m\u001b[38;5;12m|\u001b[0m\n\u001b[0m\u001b[1m\u001b[38;5;12m288\u001b[0m\u001b[0m \u001b[0m\u001b[0m\u001b[1m\u001b[38;5;12m|\u001b[0m\u001b[0m \u001b[0m\u001b[0m    pub fn insert<K, V>(&self, key: K, val: V)\u001b[0m\n\u001b[0m    \u001b[0m\u001b[0m\u001b[1m\u001b[38;5;12m|\u001b[0m\u001b[0m            \u001b[0m\u001b[0m\u001b[1m\u001b[38;5;12m------\u001b[0m\u001b[0m \u001b[0m\u001b[0m\u001b[1m\u001b[38;5;12mrequired by a bound in this associated function\u001b[0m\n\u001b[0m\u001b[1m\u001b[38;5;12m...\u001b[0m\n\u001b[0m\u001b[1m\u001b[38;5;12m291\u001b[0m\u001b[0m \u001b[0m\u001b[0m\u001b[1m\u001b[38;5;12m|\u001b[0m\u001b[0m \u001b[0m\u001b[0m        V: OwnedToVariant,\u001b[0m\n\u001b[0m    \u001b[0m\u001b[0m\u001b[1m\u001b[38;5;12m|\u001b[0m\u001b[0m            \u001b[0m\u001b[0m\u001b[1m\u001b[38;5;10m^^^^^^^^^^^^^^\u001b[0m\u001b[0m \u001b[0m\u001b[0m\u001b[1m\u001b[38;5;10mrequired by this bound in `Dictionary::<Own>::insert`\u001b[0m\n\n"}
{"$message_type":"diagnostic","message":"the trait bound `[{float}; 3]: ToVariant` is not satisfied","code":{"code":"E0277","explanation":"You tried to use a type which doesn't implement some trait in a place which\nexpected that trait.\n\nErroneous code example:\n\n```compile_fail,E0277\n// here we declare the Foo trait with a bar method\ntrait Foo {\n    fn bar(&self);\n}\n\n// we now declare a function which takes an object implementing the Foo trait\nfn some_func<T: Foo>(foo: T) {\n    foo.bar();\n}\n\nfn main() {\n    // we now call the method with the i32 type, which doesn't implement\n    // the Foo trait\n    some_func(5i32); // error: the trait bound `i32 : Foo` is not satisfied\n}\n```\n\nIn order to fix this error, verify that the type you're using does implement\nthe trait. Example:\n\n```\ntrait Foo {\n    fn bar(&self);\n}\n\n// we implement the trait on the i32 type\nimpl Foo for i32 {\n    fn bar(&self) {}\n}\n\nfn some_func<T: Foo>(foo: T) {\n    foo.bar(); // we can now use this method since i32 implements the\n               // Foo trait\n}\n\nfn main() {\n    some_func(5i32); // ok!\n}\n```\n\nOr in a generic context, an erroneous code example would look like:\n\n```compile_fail,E0277\nfn some_func<T>(foo: T) {\n    println!(\"{:?}\", foo); // error: the trait `core::fmt::Debug` is not\n                           //        implemented for the type `T`\n}\n\nfn main() {\n    // We now call the method with the i32 type,\n    // which *does* implement the Debug trait.\n    some_func(5i32);\n}\n```\n\nNote that the error here is in the definition of the generic function. Although\nwe only call it with a parameter that does implement `Debug`, the compiler\nstill rejects the function. It must work with all possible input types. In\norder to make this example compile, we need to restrict the generic type we're\naccepting:\n\n```\nuse std::fmt;\n\n// Restrict the input type to types that implement Debug.\nfn some_func<T: fmt::Debug>(foo: T) {\n    println!(\"{:?}\", foo);\n}\n\nfn main() {\n    // Calling the method is still fine, as i32 implements Debug.\n    some_func(5i32);\n\n    // This would fail to compile now:\n    // struct WithoutDebug;\n    // some_func(WithoutDebug);\n}\n```\n\nRust only looks at the signature of the called function, as such it must\nalready specify all requirements that will be used for every type parameter.\n"},"level":"error","spans":[{"file_name":"src/lib.rs","byte_start":2798,"byte_end":2806,"line_start":80,"line_end":80,"column_start":41,"column_end":49,"is_primary":true,"text":[{"text":"                dict.insert(\"vertices\", vertices);","highlight_start":41,"highlight_end":49}],"label":"the trait `ToVariant` is not implemented for `[{float}; 3]`","suggested_replacement":null,"suggestion_applicability":null,"expansion":null},{"file_name":"src/lib.rs","byte_start":2779,"byte_end":2785,"line_start":80,"line_end":80,"column_start":22,"column_end":28,"is_primary":false,"text":[{"text":"                dict.insert(\"vertices\", vertices);","highlight_start":22,"highlight_end":28}],"label":"required by a bound introduced by this call","suggested_replacement":null,"suggestion_applicability":null,"expansion":null}],"children":[{"message":"the trait `ToVariant` is implemented for `&[T]`","code":null,"level":"help","spans":[],"children":[],"rendered":null},{"message":"required for `Vec<[{float}; 3]>` to implement `ToVariant`","code":null,"level":"note","spans":[],"children":[],"rendered":null},{"message":"required for `Vec<[{float}; 3]>` to implement `OwnedToVariant`","code":null,"level":"note","spans":[],"children":[],"rendered":null},{"message":"required by a bound in `gdnative::prelude::Dictionary::<Own>::insert`","code":null,"level":"note","spans":[{"file_name":"/Users/rebeccalemke/.cargo/registry/src/index.crates.io-1949cf8c6b5b557f/gdnative-core-0.11.3/src/core_types/dictionary.rs","byte_start":9801,"byte_end":9807,"line_start":288,"line_end":288,"column_start":12,"column_end":18,"is_primary":false,"text":[{"text":"    pub fn insert<K, V>(&self, key: K, val: V)","highlight_start":12,"highlight_end":18}],"label":"required by a bound in this associated function","suggested_replacement":null,"suggestion_applicability":null,"expansion":null},{"file_name":"/Users/rebeccalemke/.cargo/registry/src/index.crates.io-1949cf8c6b5b557f/gdnative-core-0.11.3/src/core_types/dictionary.rs","byte_start":9899,"byte_end":9913,"line_start":291,"line_end":291,"column_start":12,"column_end":26,"is_primary":true,"text":[{"text":"        V: OwnedToVariant,","highlight_start":12,"highlight_end":26}],"label":"required by this bound in `Dictionary::<Own>::insert`","suggested_replacement":null,"suggestion_applicability":null,"expansion":null}],"children":[],"rendered":null}],"rendered":"\u001b[0m\u001b[1m\u001b[38;5;9merror[E0277]\u001b[0m\u001b[0m\u001b[1m: the trait bound `[{float}; 3]: ToVariant` is not satisfied\u001b[0m\n\u001b[0m   \u001b[0m\u001b[0m\u001b[1m\u001b[38;5;12m--> \u001b[0m\u001b[0msrc/lib.rs:80:41\u001b[0m\n\u001b[0m    \u001b[0m\u001b[0m\u001b[1m\u001b[38;5;12m|\u001b[0m\n\u001b[0m \u001b[0m\u001b[0m\u001b[1m\u001b[38;5;12m80\u001b[0m\u001b[0m \u001b[0m\u001b[0m\u001b[1m\u001b[38;5;12m|\u001b[0m\u001b[0m \u001b[0m\u001b[0m                dict.insert(\"vertices\", vertices);\u001b[0m\n\u001b[0m    \u001b[0m\u001b[0m\u001b[1m\u001b[38;5;12m|\u001b[0m\u001b[0m                      \u001b[0m\u001b[0m\u001b[1m\u001b[38;5;12m------\u001b[0m\u001b[0m             \u001b[0m\u001b[0m\u001b[1m\u001b[38;5;9m^^^^^^^^\u001b[0m\u001b[0m \u001b[0m\u001b[0m\u001b[1m\u001b[38;5;9mthe trait `ToVariant` is not implemented for `[{float}; 3]`\u001b[0m\n\u001b[0m    \u001b[0m\u001b[0m\u001b[1m\u001b[38;5;12m|\u001b[0m\u001b[0m                      \u001b[0m\u001b[0m\u001b[1m\u001b[38;5;12m|\u001b[0m\n\u001b[0m    \u001b[0m\u001b[0m\u001b[1m\u001b[38;5;12m|\u001b[0m\u001b[0m                      \u001b[0m\u001b[0m\u001b[1m\u001b[38;5;12mrequired by a bound introduced by this call\u001b[0m\n\u001b[0m    \u001b[0m\u001b[0m\u001b[1m\u001b[38;5;12m|\u001b[0m\n\u001b[0m    \u001b[0m\u001b[0m\u001b[1m\u001b[38;5;12m= \u001b[0m\u001b[0m\u001b[1mhelp\u001b[0m\u001b[0m: the trait `ToVariant` \u001b[0m\u001b[0m\u001b[1m\u001b[35mis\u001b[0m\u001b[0m implemented for `\u001b[0m\u001b[0m\u001b[1m\u001b[35m&[T]\u001b[0m\u001b[0m`\u001b[0m\n\u001b[0m    \u001b[0m\u001b[0m\u001b[1m\u001b[38;5;12m= \u001b[0m\u001b[0m\u001b[1mnote\u001b[0m\u001b[0m: required for `Vec<[{float}; 3]>` to implement `ToVariant`\u001b[0m\n\u001b[0m    \u001b[0m\u001b[0m\u001b[1m\u001b[38;5;12m= \u001b[0m\u001b[0m\u001b[1mnote\u001b[0m\u001b[0m: required for `Vec<[{float}; 3]>` to implement `OwnedToVariant`\u001b[0m\n\u001b[0m\u001b[1m\u001b[38;5;10mnote\u001b[0m\u001b[0m: required by a bound in `gdnative::prelude::Dictionary::<Own>::insert`\u001b[0m\n\u001b[0m   \u001b[0m\u001b[0m\u001b[1m\u001b[38;5;12m--> \u001b[0m\u001b[0m/Users/rebeccalemke/.cargo/registry/src/index.crates.io-1949cf8c6b5b557f/gdnative-core-0.11.3/src/core_types/dictionary.rs:291:12\u001b[0m\n\u001b[0m    \u001b[0m\u001b[0m\u001b[1m\u001b[38;5;12m|\u001b[0m\n\u001b[0m\u001b[1m\u001b[38;5;12m288\u001b[0m\u001b[0m \u001b[0m\u001b[0m\u001b[1m\u001b[38;5;12m|\u001b[0m\u001b[0m \u001b[0m\u001b[0m    pub fn insert<K, V>(&self, key: K, val: V)\u001b[0m\n\u001b[0m    \u001b[0m\u001b[0m\u001b[1m\u001b[38;5;12m|\u001b[0m\u001b[0m            \u001b[0m\u001b[0m\u001b[1m\u001b[38;5;12m------\u001b[0m\u001b[0m \u001b[0m\u001b[0m\u001b[1m\u001b[38;5;12mrequired by a bound in this associated function\u001b[0m\n\u001b[0m\u001b[1m\u001b[38;5;12m...\u001b[0m\n\u001b[0m\u001b[1m\u001b[38;5;12m291\u001b[0m\u001b[0m \u001b[0m\u001b[0m\u001b[1m\u001b[38;5;12m|\u001b[0m\u001b[0m \u001b[0m\u001b[0m        V: OwnedToVariant,\u001b[0m\n\u001b[0m    \u001b[0m\u001b[0m\u001b[1m\u001b[38;5;12m|\u001b[0m\u001b[0m            \u001b[0m\u001b[0m\u001b[1m\u001b[38;5;10m^^^^^^^^^^^^^^\u001b[0m\u001b[0m \u001b[0m\u001b[0m\u001b[1m\u001b[38;5;10mrequired by this bound in `Dictionary::<Own>::insert`\u001b[0m\n\n"}
{"$message_type":"diagnostic","message":"mismatched types","code":{"code":"E0308","explanation":"Expected type did not match the received type.\n\nErroneous code examples:\n\n```compile_fail,E0308\nfn plus_one(x: i32) -> i32 {\n    x + 1\n}\n\nplus_one(\"Not a number\");\n//       ^^^^^^^^^^^^^^ expected `i32`, found `&str`\n\nif \"Not a bool\" {\n// ^^^^^^^^^^^^ expected `bool`, found `&str`\n}\n\nlet x: f32 = \"Not a float\";\n//     ---   ^^^^^^^^^^^^^ expected `f32`, found `&str`\n//     |\n//     expected due to this\n```\n\nThis error occurs when an expression was used in a place where the compiler\nexpected an expression of a different type. It can occur in several cases, the\nmost common being when calling a function and passing an argument which has a\ndifferent type than the matching type in the function declaration.\n"},"level":"error","spans":[{"file_name":"src/lib.rs","byte_start":3028,"byte_end":3032,"line_start":88,"line_end":88,"column_start":9,"column_end":13,"is_primary":true,"text":[{"text":"        dict","highlight_start":9,"highlight_end":13}],"label":"expected `Dictionary`, found `Dictionary<Unique>`","suggested_replacement":null,"suggestion_applicability":null,"expansion":null},{"file_name":"src/lib.rs","byte_start":1505,"byte_end":1515,"line_start":49,"line_end":49,"column_start":81,"column_end":91,"is_primary":false,"text":[{"text":"    fn generate_sacred_geometry(&self, _owner: &Node, geometry_type: String) -> Dictionary {","highlight_start":81,"highlight_end":91}],"label":"expected `gdnative::prelude::Dictionary` because of return type","suggested_replacement":null,"suggestion_applicability":null,"expansion":null}],"children":[{"message":"expected struct `gdnative::prelude::Dictionary<Shared>`\n   found struct `gdnative::prelude::Dictionary<gdnative::prelude::Unique>`","code":null,"level":"note","spans":[],"children":[],"rendered":null},{"message":"call `Into::into` on this expression to convert `gdnative::prelude::Dictionary<gdnative::prelude::Unique>` into `gdnative::prelude::Dictionary`","code":null,"level":"help","spans":[{"file_name":"src/lib.rs","byte_start":3032,"byte_end":3032,"line_start":88,"line_end":88,"column_start":13,"column_end":13,"is_primary":true,"text":[{"text":"        dict","highlight_start":13,"highlight_end":13}],"label":null,"suggested_replacement":".into()","suggestion_applicability":"MaybeIncorrect","expansion":null}],"children":[],"rendered":null}],"rendered":"\u001b[0m\u001b[1m\u001b[38;5;9merror[E0308]\u001b[0m\u001b[0m\u001b[1m: mismatched types\u001b[0m\n\u001b[0m  \u001b[0m\u001b[0m\u001b[1m\u001b[38;5;12m--> \u001b[0m\u001b[0msrc/lib.rs:88:9\u001b[0m\n\u001b[0m   \u001b[0m\u001b[0m\u001b[1m\u001b[38;5;12m|\u001b[0m\n\u001b[0m\u001b[1m\u001b[38;5;12m49\u001b[0m\u001b[0m \u001b[0m\u001b[0m\u001b[1m\u001b[38;5;12m|\u001b[0m\u001b[0m \u001b[0m\u001b[0m    fn generate_sacred_geometry(&self, _owner: &Node, geometry_type: String) -> Dictionary {\u001b[0m\n\u001b[0m   \u001b[0m\u001b[0m\u001b[1m\u001b[38;5;12m|\u001b[0m\u001b[0m                                                                                 \u001b[0m\u001b[0m\u001b[1m\u001b[38;5;12m----------\u001b[0m\u001b[0m \u001b[0m\u001b[0m\u001b[1m\u001b[38;5;12mexpected `gdnative::prelude::Dictionary` because of return type\u001b[0m\n\u001b[0m\u001b[1m\u001b[38;5;12m...\u001b[0m\n\u001b[0m\u001b[1m\u001b[38;5;12m88\u001b[0m\u001b[0m \u001b[0m\u001b[0m\u001b[1m\u001b[38;5;12m|\u001b[0m\u001b[0m \u001b[0m\u001b[0m        dict\u001b[0m\n\u001b[0m   \u001b[0m\u001b[0m\u001b[1m\u001b[38;5;12m|\u001b[0m\u001b[0m         \u001b[0m\u001b[0m\u001b[1m\u001b[38;5;9m^^^^\u001b[0m\u001b[0m \u001b[0m\u001b[0m\u001b[1m\u001b[38;5;9mexpected `Dictionary`, found `Dictionary<Unique>`\u001b[0m\n\u001b[0m   \u001b[0m\u001b[0m\u001b[1m\u001b[38;5;12m|\u001b[0m\n\u001b[0m   \u001b[0m\u001b[0m\u001b[1m\u001b[38;5;12m= \u001b[0m\u001b[0m\u001b[1mnote\u001b[0m\u001b[0m: expected struct `gdnative::prelude::Dictionary<\u001b[0m\u001b[0m\u001b[1m\u001b[35mShared\u001b[0m\u001b[0m>`\u001b[0m\n\u001b[0m              found struct `gdnative::prelude::Dictionary<\u001b[0m\u001b[0m\u001b[1m\u001b[35mgdnative::prelude::Unique\u001b[0m\u001b[0m>`\u001b[0m\n\u001b[0m\u001b[1m\u001b[38;5;14mhelp\u001b[0m\u001b[0m: call `Into::into` on this expression to convert `gdnative::prelude::Dictionary<gdnative::prelude::Unique>` into `gdnative::prelude::Dictionary`\u001b[0m\n\u001b[0m   \u001b[0m\u001b[0m\u001b[1m\u001b[38;5;12m|\u001b[0m\n\u001b[0m\u001b[1m\u001b[38;5;12m88\u001b[0m\u001b[0m \u001b[0m\u001b[0m\u001b[1m\u001b[38;5;12m| \u001b[0m\u001b[0m        dict\u001b[0m\u001b[0m\u001b[38;5;10m.into()\u001b[0m\n\u001b[0m   \u001b[0m\u001b[0m\u001b[1m\u001b[38;5;12m|\u001b[0m\u001b[0m             \u001b[0m\u001b[0m\u001b[38;5;10m+++++++\u001b[0m\n\n"}
{"$message_type":"diagnostic","message":"aborting due to 8 previous errors; 3 warnings emitted","code":null,"level":"error","spans":[],"children":[],"rendered":"\u001b[0m\u001b[1m\u001b[38;5;9merror\u001b[0m\u001b[0m\u001b[1m: aborting due to 8 previous errors; 3 warnings emitted\u001b[0m\n\n"}
{"$message_type":"diagnostic","message":"Some errors have detailed explanations: E0277, E0308.","code":null,"level":"failure-note","spans":[],"children":[],"rendered":"\u001b[0m\u001b[1mSome errors have detailed explanations: E0277, E0308.\u001b[0m\n"}
{"$message_type":"diagnostic","message":"For more information about an error, try `rustc --explain E0277`.","code":null,"level":"failure-note","spans":[],"children":[],"rendered":"\u001b[0m\u001b[1mFor more information about an error, try `rustc --explain E0277`.\u001b[0m\n"}
